nohup: ignoring input

> software-sales-backend@1.0.0 start
> node server.js

[dotenv@17.2.2] injecting env (8) from .env -- tip: 📡 version env with Radar: https://dotenvx.com/radar
node:internal/modules/cjs/loader:1247
  throw err;
  ^

Error: Cannot find module '../../auth/infrastructure/services/JwtService'
Require stack:
- /home/ubuntu/software-sales-system/backend/src/shared/infrastructure/middleware/AuthMiddleware.js
- /home/ubuntu/software-sales-system/backend/server.js
    at Function._resolveFilename (node:internal/modules/cjs/loader:1244:15)
    at Function._load (node:internal/modules/cjs/loader:1070:27)
    at TracingChannel.traceSync (node:diagnostics_channel:322:14)
    at wrapModuleLoad (node:internal/modules/cjs/loader:217:24)
    at Module.require (node:internal/modules/cjs/loader:1335:12)
    at require (node:internal/modules/helpers:136:16)
    at Object.<anonymous> (/home/ubuntu/software-sales-system/backend/src/shared/infrastructure/middleware/AuthMiddleware.js:1:20)
    at Module._compile (node:internal/modules/cjs/loader:1562:14)
    at Object..js (node:internal/modules/cjs/loader:1699:10)
    at Module.load (node:internal/modules/cjs/loader:1313:32) {
  code: 'MODULE_NOT_FOUND',
  requireStack: [
    '/home/ubuntu/software-sales-system/backend/src/shared/infrastructure/middleware/AuthMiddleware.js',
    '/home/ubuntu/software-sales-system/backend/server.js'
  ]
}

Node.js v22.13.0
